<?xml version="1.0" encoding="UTF-8"?>
<testng-results ignored="0" total="1" passed="1" failed="0" skipped="0">
  <reporter-output>
  </reporter-output>
  <suite started-at="2025-07-14T15:59:11 IST" name="Default suite" finished-at="2025-07-14T15:59:44 IST" duration-ms="32526">
    <groups>
    </groups>
    <test started-at="2025-07-14T15:59:11 IST" name="Default test" finished-at="2025-07-14T15:59:44 IST" duration-ms="32526">
      <class name="testCasePackage.TestCase1_AmazonRegistartion">
        <test-method is-config="true" signature="setup()[pri:0, instance:testCasePackage.TestCase1_AmazonRegistartion@776aec5c]" started-at="2025-07-14T15:59:17 IST" name="setup" finished-at="2025-07-14T15:59:39 IST" duration-ms="22384" status="PASS">
          <reporter-output>
          </reporter-output>
        </test-method> <!-- setup -->
        <test-method signature="amazonRegistration(java.lang.String,java.lang.String,java.lang.String)[pri:0, instance:testCasePackage.TestCase1_AmazonRegistartion@776aec5c]" started-at="2025-07-14T15:59:39 IST" name="amazonRegistration" data-provider="RegistrationData" finished-at="2025-07-14T15:59:44 IST" duration-ms="4307" status="PASS">
          <params>
            <param index="0">
              <value>
                <![CDATA[Pooja Lavhale]]>
              </value>
            </param>
            <param index="1">
              <value>
                <![CDATA[9.9703532E9]]>
              </value>
            </param>
            <param index="2">
              <value>
                <![CDATA[Poojajay@15]]>
              </value>
            </param>
          </params>
          <reporter-output>
          </reporter-output>
        </test-method> <!-- amazonRegistration -->
      </class> <!-- testCasePackage.TestCase1_AmazonRegistartion -->
    </test> <!-- Default test -->
  </suite> <!-- Default suite -->
</testng-results>
